<?xml version="1.0" encoding="UTF-8"?>
<testsuite xmlns:xsi="http://www.w3.org/2001/XMLSchema-instance" xsi:noNamespaceSchemaLocation="https://maven.apache.org/surefire/maven-surefire-plugin/xsd/surefire-test-report-3.0.xsd" version="3.0" name="me.flashapp.cashu.CashuAppletTest" time="1.03" tests="44" errors="0" skipped="0" failures="0">
  <properties>
[...]
</properties>
  <testcase name="testSelect" classname="me.flashapp.cashu.CashuAppletTest" time="0.184">
    <system-out><![CDATA[Trying to load an instance of com.licel.globalplatform.GpSimulatorRuntime
Failed to load the instance! Will use the default SimulatorRuntime
]]></system-out>
  </testcase>
  <testcase name="testGetInfo" classname="me.flashapp.cashu.CashuAppletTest" time="0.011"/>
  <testcase name="testGetPubkey" classname="me.flashapp.cashu.CashuAppletTest" time="0.034"/>
  <testcase name="testGetPubkeyStable" classname="me.flashapp.cashu.CashuAppletTest" time="0.032"/>
  <testcase name="testGetBalanceEmpty" classname="me.flashapp.cashu.CashuAppletTest" time="0.009"/>
  <testcase name="testGetProofCountEmpty" classname="me.flashapp.cashu.CashuAppletTest" time="0.009"/>
  <testcase name="testGetSlotStatusEmpty" classname="me.flashapp.cashu.CashuAppletTest" time="0.007"/>
  <testcase name="testGetProofSlotEmpty" classname="me.flashapp.cashu.CashuAppletTest" time="0.007"/>
  <testcase name="testGetProofOutOfRange" classname="me.flashapp.cashu.CashuAppletTest" time="0.01"/>
  <testcase name="testLoadProofNoPinRequired" classname="me.flashapp.cashu.CashuAppletTest" time="0.008"/>
  <testcase name="testLoadProofWrongLength" classname="me.flashapp.cashu.CashuAppletTest" time="0.007"/>
  <testcase name="testLoadProofSequential" classname="me.flashapp.cashu.CashuAppletTest" time="0.011"/>
  <testcase name="testGetProofAfterLoad" classname="me.flashapp.cashu.CashuAppletTest" time="0.007"/>
  <testcase name="testGetBalanceAfterLoad" classname="me.flashapp.cashu.CashuAppletTest" time="0.005"/>
  <testcase name="testGetProofCountAfterLoad" classname="me.flashapp.cashu.CashuAppletTest" time="0.007"/>
  <testcase name="testGetSlotStatusAfterLoad" classname="me.flashapp.cashu.CashuAppletTest" time="0.005"/>
  <testcase name="testSpendProof" classname="me.flashapp.cashu.CashuAppletTest" time="0.128"/>
  <testcase name="testSpendProofDoubleSpend" classname="me.flashapp.cashu.CashuAppletTest" time="0.063"/>
  <testcase name="testSpendProofEmptySlot" classname="me.flashapp.cashu.CashuAppletTest" time="0.005"/>
  <testcase name="testSpendProofWrongMsgLength" classname="me.flashapp.cashu.CashuAppletTest" time="0.004"/>
  <testcase name="testBalanceAfterSpend" classname="me.flashapp.cashu.CashuAppletTest" time="0.022"/>
  <testcase name="testSignArbitrary" classname="me.flashapp.cashu.CashuAppletTest" time="0.027"/>
  <testcase name="testSignArbitraryWrongLength" classname="me.flashapp.cashu.CashuAppletTest" time="0.005"/>
  <testcase name="testSignArbitrarySchnorrValid" classname="me.flashapp.cashu.CashuAppletTest" time="0.06"/>
  <testcase name="testClearSpent" classname="me.flashapp.cashu.CashuAppletTest" time="0.061"/>
  <testcase name="testClearSpentNoneToFree" classname="me.flashapp.cashu.CashuAppletTest" time="0.004"/>
  <testcase name="testSpendProofSchnorrValid" classname="me.flashapp.cashu.CashuAppletTest" time="0.055"/>
  <testcase name="testSignArbitraryDifferentMessages" classname="me.flashapp.cashu.CashuAppletTest" time="0.047"/>
  <testcase name="testLoadProofNoSpace" classname="me.flashapp.cashu.CashuAppletTest" time="0.006"/>
  <testcase name="testSignArbitraryWrongMsgDoesNotVerify" classname="me.flashapp.cashu.CashuAppletTest" time="0.032"/>
  <testcase name="testSetPin" classname="me.flashapp.cashu.CashuAppletTest" time="0.004"/>
  <testcase name="testSetPinAlreadySet" classname="me.flashapp.cashu.CashuAppletTest" time="0.003"/>
  <testcase name="testVerifyPinCorrect" classname="me.flashapp.cashu.CashuAppletTest" time="0.003"/>
  <testcase name="testVerifyPinWrong" classname="me.flashapp.cashu.CashuAppletTest" time="0.003"/>
  <testcase name="testVerifyPinBlocked" classname="me.flashapp.cashu.CashuAppletTest" time="0.003"/>
  <testcase name="testVerifyPinNotSet" classname="me.flashapp.cashu.CashuAppletTest" time="0.003"/>
  <testcase name="testLoadProofPinRequired" classname="me.flashapp.cashu.CashuAppletTest" time="0.003"/>
  <testcase name="testLoadProofAfterPinVerified" classname="me.flashapp.cashu.CashuAppletTest" time="0.003"/>
  <testcase name="testChangePin" classname="me.flashapp.cashu.CashuAppletTest" time="0.003"/>
  <testcase name="testLockCard" classname="me.flashapp.cashu.CashuAppletTest" time="0.02"/>
  <testcase name="testLockCardNoConfirm" classname="me.flashapp.cashu.CashuAppletTest" time="0.028"/>
  <testcase name="testSpendProofOnLockedCard" classname="me.flashapp.cashu.CashuAppletTest" time="0.014"/>
  <testcase name="testUnsupportedCla" classname="me.flashapp.cashu.CashuAppletTest" time="0.004"/>
  <testcase name="testUnknownIns" classname="me.flashapp.cashu.CashuAppletTest" time="0.006"/>
</testsuite>